downloading Henkelman bader binary...
  % Total    % Received % Xferd  Average Speed   Time    Time     Time  Current
                                 Dload  Upload   Total   Spent    Left  Speed
  0     0    0     0    0     0      0      0 --:--:-- --:--:-- --:--:--     0100 1153k  100 1153k    0     0  2697k      0 --:--:-- --:--:-- --:--:-- 2702k
Li_1x1_c5.5_d0.00: pp.x + bader
Li_1x1_c5.5_d0.00: ACF.dat written
Li_1x1_c5.5_d0.15: pp.x + bader
Li_1x1_c5.5_d0.15: ACF.dat written
Li_1x1_c5.5_d0.30: pp.x + bader
Li_1x1_c5.5_d0.30: ACF.dat written
Li_1x1_c5.5_d0.50: pp.x + bader
Li_1x1_c5.5_d0.50: ACF.dat written
Li_1x1_c5.5_d0.75: pp.x + bader
Li_1x1_c5.5_d0.75: ACF.dat written
Li_1x1_c5.5_d1.00: pp.x + bader
Li_1x1_c5.5_d1.00: ACF.dat written
Li_1x1_c6.9_d0.00: pp.x + bader
Li_1x1_c6.9_d0.00: ACF.dat written
Li_1x1_c6.9_d0.15: pp.x + bader
Li_1x1_c6.9_d0.15: ACF.dat written
Li_1x1_c6.9_d0.30: pp.x + bader
Li_1x1_c6.9_d0.30: ACF.dat written
Li_1x1_c6.9_d0.50: pp.x + bader
Li_1x1_c6.9_d0.50: ACF.dat written
Li_1x1_c6.9_d0.75: pp.x + bader
Li_1x1_c6.9_d0.75: ACF.dat written
Li_1x1_c6.9_d1.00: pp.x + bader
Li_1x1_c6.9_d1.00: ACF.dat written
Li_1x1_c8.4_d0.00: pp.x + bader
Li_1x1_c8.4_d0.00: ACF.dat written
Li_1x1_c8.4_d0.15: pp.x + bader
Li_1x1_c8.4_d0.15: ACF.dat written
Li_1x1_c8.4_d0.30: pp.x + bader
Li_1x1_c8.4_d0.30: ACF.dat written
Li_1x1_c8.4_d0.50: pp.x + bader
Li_1x1_c8.4_d0.50: ACF.dat written
Li_1x1_c8.4_d0.75: pp.x + bader
Li_1x1_c8.4_d0.75: ACF.dat written
Li_1x1_c8.4_d1.00: pp.x + bader
Li_1x1_c8.4_d1.00: ACF.dat written
Li_1x1_c9.9_d0.00: pp.x + bader
Li_1x1_c9.9_d0.00: ACF.dat written
Li_1x1_c9.9_d0.15: pp.x + bader
Li_1x1_c9.9_d0.15: ACF.dat written
Li_1x1_c9.9_d0.30: pp.x + bader
Li_1x1_c9.9_d0.30: ACF.dat written
Li_1x1_c9.9_d0.50: pp.x + bader
Li_1x1_c9.9_d0.50: ACF.dat written
Li_1x1_c9.9_d0.75: pp.x + bader
Li_1x1_c9.9_d0.75: ACF.dat written
Li_1x1_c9.9_d1.00: pp.x + bader
Li_1x1_c9.9_d1.00: ACF.dat written
Na_1x1_c5.5_d0.00: pp.x + bader
Na_1x1_c5.5_d0.00: ACF.dat written
Na_1x1_c5.5_d0.15: pp.x + bader
Na_1x1_c5.5_d0.15: ACF.dat written
Na_1x1_c5.5_d0.30: pp.x + bader
Na_1x1_c5.5_d0.30: ACF.dat written
Na_1x1_c5.5_d0.50: pp.x + bader
Na_1x1_c5.5_d0.50: ACF.dat written
Na_1x1_c5.5_d0.75: pp.x + bader
Na_1x1_c5.5_d0.75: ACF.dat written
Na_1x1_c5.5_d1.00: pp.x + bader
Na_1x1_c5.5_d1.00: ACF.dat written
Na_1x1_c6.9_d0.00: pp.x + bader
Na_1x1_c6.9_d0.00: ACF.dat written
Na_1x1_c6.9_d0.15: pp.x + bader
Na_1x1_c6.9_d0.15: ACF.dat written
Na_1x1_c6.9_d0.30: pp.x + bader
Na_1x1_c6.9_d0.30: ACF.dat written
Na_1x1_c6.9_d0.50: pp.x + bader
Na_1x1_c6.9_d0.50: ACF.dat written
Na_1x1_c6.9_d0.75: pp.x + bader
Na_1x1_c6.9_d0.75: ACF.dat written
Na_1x1_c6.9_d1.00: pp.x + bader
Na_1x1_c6.9_d1.00: ACF.dat written
Na_1x1_c8.4_d0.00: pp.x + bader
Na_1x1_c8.4_d0.00: ACF.dat written
Na_1x1_c8.4_d0.15: pp.x + bader
Na_1x1_c8.4_d0.15: ACF.dat written
Na_1x1_c8.4_d0.30: pp.x + bader
Na_1x1_c8.4_d0.30: ACF.dat written
Na_1x1_c8.4_d0.50: pp.x + bader
Na_1x1_c8.4_d0.50: ACF.dat written
Na_1x1_c8.4_d0.75: pp.x + bader
Na_1x1_c8.4_d0.75: ACF.dat written
Na_1x1_c8.4_d1.00: pp.x + bader
Na_1x1_c8.4_d1.00: ACF.dat written
Na_1x1_c9.9_d0.00: pp.x + bader
Na_1x1_c9.9_d0.00: ACF.dat written
Na_1x1_c9.9_d0.15: pp.x + bader
Na_1x1_c9.9_d0.15: ACF.dat written
Na_1x1_c9.9_d0.30: pp.x + bader
Na_1x1_c9.9_d0.30: ACF.dat written
Na_1x1_c9.9_d0.50: pp.x + bader
Na_1x1_c9.9_d0.50: ACF.dat written
Na_1x1_c9.9_d0.75: pp.x + bader
Na_1x1_c9.9_d0.75: ACF.dat written
Na_1x1_c9.9_d1.00: pp.x + bader
Na_1x1_c9.9_d1.00: ACF.dat written
Na_s3_c5.5_d0.00: pp.x + bader
Na_s3_c5.5_d0.00: ACF.dat written
Na_s3_c5.5_d0.25: pp.x + bader
Na_s3_c5.5_d0.25: ACF.dat written
Na_s3_c5.5_d0.50: pp.x + bader
Na_s3_c5.5_d0.50: ACF.dat written
Na_s3_c5.5_d0.75: pp.x + bader
Na_s3_c5.5_d0.75: ACF.dat written
Na_s3_c6.9_d0.00: pp.x + bader
Na_s3_c6.9_d0.00: ACF.dat written
Na_s3_c6.9_d0.25: pp.x + bader
Na_s3_c6.9_d0.25: ACF.dat written
Na_s3_c6.9_d0.50: pp.x + bader
Na_s3_c6.9_d0.50: ACF.dat written
Na_s3_c6.9_d0.75: pp.x + bader
Na_s3_c6.9_d0.75: ACF.dat written
Na_s3_c8.4_d0.00: pp.x + bader
Na_s3_c8.4_d0.00: ACF.dat written
Na_s3_c8.4_d0.25: pp.x + bader
Na_s3_c8.4_d0.25: ACF.dat written
Na_s3_c8.4_d0.50: pp.x + bader
Na_s3_c8.4_d0.50: ACF.dat written
Na_s3_c8.4_d0.75: pp.x + bader
Na_s3_c8.4_d0.75: ACF.dat written
Na_s3_c9.9_d0.00: pp.x + bader
Na_s3_c9.9_d0.00: ACF.dat written
Na_s3_c9.9_d0.25: pp.x + bader
Na_s3_c9.9_d0.25: ACF.dat written
Na_s3_c9.9_d0.50: pp.x + bader
Na_s3_c9.9_d0.50: ACF.dat written
Na_s3_c9.9_d0.75: pp.x + bader
Na_s3_c9.9_d0.75: ACF.dat written
bader analysis complete for 64 new job(s)
