== 4 GPU(s) detected ==
downloading Co.pbe-spn-kjpaw_psl.0.3.1.UPF
  % Total    % Received % Xferd  Average Speed   Time    Time     Time  Current
                                 Dload  Upload   Total   Spent    Left  Speed
  0     0    0     0    0     0      0      0 --:--:-- --:--:-- --:--:--     0  0     0    0     0    0     0      0      0 --:--:-- --:--:-- --:--:--     0100 1778k  100 1778k    0     0  1539k      0  0:00:01  0:00:01 --:--:-- 1539k
downloading O.pbe-n-kjpaw_psl.1.0.0.UPF
  % Total    % Received % Xferd  Average Speed   Time    Time     Time  Current
                                 Dload  Upload   Total   Spent    Left  Speed
  0     0    0     0    0     0      0      0 --:--:-- --:--:-- --:--:--     0  0     0    0     0    0     0      0      0 --:--:-- --:--:-- --:--:--     0100  854k  100  854k    0     0   814k      0  0:00:01  0:00:01 --:--:--  814k
downloading Na.pbe-spn-kjpaw_psl.1.0.0.UPF
  % Total    % Received % Xferd  Average Speed   Time    Time     Time  Current
                                 Dload  Upload   Total   Spent    Left  Speed
  0     0    0     0    0     0      0      0 --:--:-- --:--:-- --:--:--     0 93  905k   93  847k    0     0   809k      0  0:00:01  0:00:01 --:--:--  810k100  905k  100  905k    0     0   864k      0  0:00:01  0:00:01 --:--:--  864k
downloading Li.pbe-s-kjpaw_psl.1.0.0.UPF
  % Total    % Received % Xferd  Average Speed   Time    Time     Time  Current
                                 Dload  Upload   Total   Spent    Left  Speed
  0     0    0     0    0     0      0      0 --:--:-- --:--:-- --:--:--     0100  769k  100  769k    0     0   841k      0 --:--:-- --:--:-- --:--:--  841k
pseudopotentials ready in ./pseudo
wrote 64 SCF jobs + manifest.json
== Phase 1: SCF jobs ==
[gpu2] Na_1x1_c5.5_d0.00: start 03:49:26
[gpu1] Na_1x1_c5.5_d0.15: start 03:49:26
[gpu0] Na_1x1_c5.5_d0.30: start 03:49:26
[gpu3] Na_1x1_c5.5_d0.50: start 03:49:26
[gpu3] Na_1x1_c5.5_d0.50: JOB DONE 03:49:59
[gpu3] Na_1x1_c5.5_d0.75: start 03:49:59
[gpu1] Na_1x1_c5.5_d0.15: JOB DONE 03:49:59
[gpu1] Na_1x1_c5.5_d1.00: start 03:49:59
[gpu0] Na_1x1_c5.5_d0.30: JOB DONE 03:49:59
[gpu0] Na_1x1_c6.9_d0.00: start 03:49:59
[gpu2] Na_1x1_c5.5_d0.00: JOB DONE 03:50:01
[gpu2] Na_1x1_c6.9_d0.15: start 03:50:01
[gpu3] Na_1x1_c5.5_d0.75: JOB DONE 03:50:28
[gpu3] Na_1x1_c6.9_d0.30: start 03:50:28
[gpu1] Na_1x1_c5.5_d1.00: JOB DONE 03:50:30
[gpu1] Na_1x1_c6.9_d0.50: start 03:50:30
[gpu0] Na_1x1_c6.9_d0.00: JOB DONE 03:50:30
[gpu0] Na_1x1_c6.9_d0.75: start 03:50:30
[gpu2] Na_1x1_c6.9_d0.15: JOB DONE 03:50:32
[gpu2] Na_1x1_c6.9_d1.00: start 03:50:32
[gpu3] Na_1x1_c6.9_d0.30: JOB DONE 03:50:59
[gpu3] Na_1x1_c8.4_d0.00: start 03:50:59
[gpu0] Na_1x1_c6.9_d0.75: JOB DONE 03:51:02
[gpu0] Na_1x1_c8.4_d0.15: start 03:51:02
[gpu1] Na_1x1_c6.9_d0.50: JOB DONE 03:51:05
[gpu1] Na_1x1_c8.4_d0.30: start 03:51:05
[gpu2] Na_1x1_c6.9_d1.00: JOB DONE 03:51:06
[gpu2] Na_1x1_c8.4_d0.50: start 03:51:06
[gpu3] Na_1x1_c8.4_d0.00: JOB DONE 03:51:32
[gpu3] Na_1x1_c8.4_d0.75: start 03:51:32
[gpu0] Na_1x1_c8.4_d0.15: JOB DONE 03:51:36
[gpu0] Na_1x1_c8.4_d1.00: start 03:51:36
[gpu1] Na_1x1_c8.4_d0.30: JOB DONE 03:51:38
[gpu1] Na_1x1_c9.9_d0.00: start 03:51:38
[gpu2] Na_1x1_c8.4_d0.50: JOB DONE 03:51:39
[gpu2] Na_1x1_c9.9_d0.15: start 03:51:39
[gpu3] Na_1x1_c8.4_d0.75: JOB DONE 03:52:06
[gpu3] Na_1x1_c9.9_d0.30: start 03:52:06
[gpu0] Na_1x1_c8.4_d1.00: JOB DONE 03:52:11
[gpu0] Na_1x1_c9.9_d0.50: start 03:52:11
[gpu1] Na_1x1_c9.9_d0.00: JOB DONE 03:52:14
[gpu1] Na_1x1_c9.9_d0.75: start 03:52:14
[gpu2] Na_1x1_c9.9_d0.15: JOB DONE 03:52:14
[gpu2] Na_1x1_c9.9_d1.00: start 03:52:14
[gpu3] Na_1x1_c9.9_d0.30: JOB DONE 03:52:42
[gpu3] Li_1x1_c5.5_d0.00: start 03:52:42
[gpu0] Na_1x1_c9.9_d0.50: JOB DONE 03:52:45
[gpu0] Li_1x1_c5.5_d0.15: start 03:52:45
[gpu1] Na_1x1_c9.9_d0.75: JOB DONE 03:52:48
[gpu1] Li_1x1_c5.5_d0.30: start 03:52:48
[gpu2] Na_1x1_c9.9_d1.00: JOB DONE 03:52:50
[gpu2] Li_1x1_c5.5_d0.50: start 03:52:50
[gpu0] Li_1x1_c5.5_d0.15: JOB DONE 03:53:12
[gpu0] Li_1x1_c5.5_d0.75: start 03:53:12
[gpu3] Li_1x1_c5.5_d0.00: JOB DONE 03:53:14
[gpu3] Li_1x1_c5.5_d1.00: start 03:53:14
[gpu2] Li_1x1_c5.5_d0.50: JOB DONE 03:53:16
[gpu2] Li_1x1_c6.9_d0.00: start 03:53:16
[gpu1] Li_1x1_c5.5_d0.30: JOB DONE 03:53:17
[gpu1] Li_1x1_c6.9_d0.15: start 03:53:17
[gpu0] Li_1x1_c5.5_d0.75: JOB DONE 03:53:40
[gpu0] Li_1x1_c6.9_d0.30: start 03:53:40
[gpu2] Li_1x1_c6.9_d0.00: JOB DONE 03:53:45
[gpu2] Li_1x1_c6.9_d0.50: start 03:53:45
[gpu3] Li_1x1_c5.5_d1.00: JOB DONE 03:53:47
[gpu3] Li_1x1_c6.9_d0.75: start 03:53:47
[gpu1] Li_1x1_c6.9_d0.15: JOB DONE 03:53:47
[gpu1] Li_1x1_c6.9_d1.00: start 03:53:47
[gpu0] Li_1x1_c6.9_d0.30: JOB DONE 03:54:09
[gpu0] Li_1x1_c8.4_d0.00: start 03:54:09
[gpu3] Li_1x1_c6.9_d0.75: JOB DONE 03:54:16
[gpu3] Li_1x1_c8.4_d0.15: start 03:54:16
[gpu1] Li_1x1_c6.9_d1.00: JOB DONE 03:54:18
[gpu1] Li_1x1_c8.4_d0.30: start 03:54:18
[gpu2] Li_1x1_c6.9_d0.50: JOB DONE 03:54:22
[gpu2] Li_1x1_c8.4_d0.50: start 03:54:22
[gpu0] Li_1x1_c8.4_d0.00: JOB DONE 03:54:37
[gpu0] Li_1x1_c8.4_d0.75: start 03:54:37
[gpu3] Li_1x1_c8.4_d0.15: JOB DONE 03:54:43
[gpu3] Li_1x1_c8.4_d1.00: start 03:54:43
[gpu1] Li_1x1_c8.4_d0.30: JOB DONE 03:54:46
[gpu1] Li_1x1_c9.9_d0.00: start 03:54:46
[gpu2] Li_1x1_c8.4_d0.50: JOB DONE 03:54:51
[gpu2] Li_1x1_c9.9_d0.15: start 03:54:51
[gpu0] Li_1x1_c8.4_d0.75: JOB DONE 03:55:08
[gpu0] Li_1x1_c9.9_d0.30: start 03:55:08
[gpu3] Li_1x1_c8.4_d1.00: JOB DONE 03:55:14
[gpu3] Li_1x1_c9.9_d0.50: start 03:55:14
[gpu1] Li_1x1_c9.9_d0.00: JOB DONE 03:55:24
[gpu1] Li_1x1_c9.9_d0.75: start 03:55:24
[gpu2] Li_1x1_c9.9_d0.15: JOB DONE 03:55:32
[gpu2] Li_1x1_c9.9_d1.00: start 03:55:32
[gpu0] Li_1x1_c9.9_d0.30: JOB DONE 03:55:46
[gpu0] Na_s3_c5.5_d0.00: start 03:55:46
[gpu3] Li_1x1_c9.9_d0.50: JOB DONE 03:55:52
[gpu3] Na_s3_c5.5_d0.25: start 03:55:52
[gpu1] Li_1x1_c9.9_d0.75: JOB DONE 03:55:56
[gpu1] Na_s3_c5.5_d0.50: start 03:55:56
[gpu2] Li_1x1_c9.9_d1.00: JOB DONE 03:56:00
[gpu2] Na_s3_c5.5_d0.75: start 03:56:00
[gpu0] Na_s3_c5.5_d0.00: JOB DONE 03:56:50
[gpu0] Na_s3_c6.9_d0.00: start 03:56:50
[gpu3] Na_s3_c5.5_d0.25: JOB DONE 03:56:52
[gpu3] Na_s3_c6.9_d0.25: start 03:56:52
[gpu1] Na_s3_c5.5_d0.50: JOB DONE 03:57:02
[gpu1] Na_s3_c6.9_d0.50: start 03:57:02
[gpu2] Na_s3_c5.5_d0.75: JOB DONE 03:57:03
[gpu2] Na_s3_c6.9_d0.75: start 03:57:03
[gpu3] Na_s3_c6.9_d0.25: JOB DONE 03:58:01
[gpu3] Na_s3_c8.4_d0.00: start 03:58:01
[gpu0] Na_s3_c6.9_d0.00: JOB DONE 03:58:01
[gpu0] Na_s3_c8.4_d0.25: start 03:58:01
[gpu1] Na_s3_c6.9_d0.50: JOB DONE 03:58:13
[gpu1] Na_s3_c8.4_d0.50: start 03:58:13
[gpu2] Na_s3_c6.9_d0.75: JOB DONE 03:58:15
[gpu2] Na_s3_c8.4_d0.75: start 03:58:15
[gpu3] Na_s3_c8.4_d0.00: JOB DONE 03:59:17
[gpu3] Na_s3_c9.9_d0.00: start 03:59:17
[gpu0] Na_s3_c8.4_d0.25: JOB DONE 03:59:23
[gpu0] Na_s3_c9.9_d0.25: start 03:59:23
[gpu1] Na_s3_c8.4_d0.50: JOB DONE 03:59:34
[gpu1] Na_s3_c9.9_d0.50: start 03:59:34
[gpu2] Na_s3_c8.4_d0.75: JOB DONE 03:59:34
[gpu2] Na_s3_c9.9_d0.75: start 03:59:34
[gpu3] Na_s3_c9.9_d0.00: JOB DONE 04:00:41
[gpu0] Na_s3_c9.9_d0.25: JOB DONE 04:00:49
[gpu2] Na_s3_c9.9_d0.75: JOB DONE 04:00:50
[gpu1] Na_s3_c9.9_d0.50: JOB DONE 04:00:58
== Phase 2: generating NSCF inputs at E(delta) minima ==
== compiling QE 7.3.1 PP tools (CPU) ==
nscf job nscf_Li_1x1_c5.5: parent Li_1x1_c5.5_d0.15 (delta_min = 0.15 A, E = -475.179649 Ry)
nscf job nscf_Li_1x1_c6.9: parent Li_1x1_c6.9_d1.00 (delta_min = 1.00 A, E = -475.104478 Ry)
nscf job nscf_Li_1x1_c8.4: parent Li_1x1_c8.4_d1.00 (delta_min = 1.00 A, E = -475.027135 Ry)
nscf job nscf_Li_1x1_c9.9: parent Li_1x1_c9.9_d1.00 (delta_min = 1.00 A, E = -474.988078 Ry)
nscf job nscf_Na_1x1_c5.5: parent Na_1x1_c5.5_d0.00 (delta_min = 0.00 A, E = -569.365945 Ry)
nscf job nscf_Na_1x1_c6.9: parent Na_1x1_c6.9_d0.75 (delta_min = 0.75 A, E = -569.279426 Ry)
nscf job nscf_Na_1x1_c8.4: parent Na_1x1_c8.4_d1.00 (delta_min = 1.00 A, E = -569.233655 Ry)
nscf job nscf_Na_1x1_c9.9: parent Na_1x1_c9.9_d1.00 (delta_min = 1.00 A, E = -569.192040 Ry)
nscf job nscf_Na_s3_c5.5: parent Na_s3_c5.5_d0.00 (delta_min = 0.00 A, E = -1489.356133 Ry)
nscf job nscf_Na_s3_c6.9: parent Na_s3_c6.9_d0.50 (delta_min = 0.50 A, E = -1489.321716 Ry)
nscf job nscf_Na_s3_c8.4: parent Na_s3_c8.4_d0.75 (delta_min = 0.75 A, E = -1489.244485 Ry)
nscf job nscf_Na_s3_c9.9: parent Na_s3_c9.9_d0.75 (delta_min = 0.75 A, E = -1489.155364 Ry)
wrote 12 NSCF jobs, manifest updated
== Phase 3: NSCF + DOS jobs ==
[gpu0] nscf_Li_1x1_c5.5: start 04:02:16
[gpu1] nscf_Li_1x1_c6.9: start 04:02:16
[gpu2] nscf_Li_1x1_c8.4: start 04:02:16
[gpu3] nscf_Li_1x1_c9.9: start 04:02:16
[gpu0] nscf_Li_1x1_c5.5: JOB DONE 04:04:41
[gpu0] nscf_Li_1x1_c5.5: dos.x done
[gpu0] nscf_Na_1x1_c5.5: start 04:04:45
[gpu1] nscf_Li_1x1_c6.9: JOB DONE 04:05:11
[gpu1] nscf_Li_1x1_c6.9: dos.x done
[gpu1] nscf_Na_1x1_c6.9: start 04:05:16
[gpu2] nscf_Li_1x1_c8.4: JOB DONE 04:05:19
[gpu3] nscf_Li_1x1_c9.9: JOB DONE 04:05:23
[gpu2] nscf_Li_1x1_c8.4: dos.x done
[gpu2] nscf_Na_1x1_c8.4: start 04:05:24
[gpu3] nscf_Li_1x1_c9.9: dos.x done
[gpu3] nscf_Na_1x1_c9.9: start 04:05:28
[gpu0] nscf_Na_1x1_c5.5: JOB DONE 04:07:44
[gpu0] nscf_Na_1x1_c5.5: dos.x done
[gpu0] nscf_Na_s3_c5.5: start 04:07:49
[gpu1] nscf_Na_1x1_c6.9: JOB DONE 04:08:22
[gpu1] nscf_Na_1x1_c6.9: dos.x done
[gpu1] nscf_Na_s3_c6.9: start 04:08:27
[gpu2] nscf_Na_1x1_c8.4: JOB DONE 04:08:39
[gpu2] nscf_Na_1x1_c8.4: dos.x done
[gpu2] nscf_Na_s3_c8.4: start 04:08:45
[gpu3] nscf_Na_1x1_c9.9: JOB DONE 04:09:00
[gpu3] nscf_Na_1x1_c9.9: dos.x done
[gpu3] nscf_Na_s3_c9.9: start 04:09:05
[gpu0] nscf_Na_s3_c5.5: JOB DONE 04:16:56
[gpu0] nscf_Na_s3_c5.5: dos.x done
[gpu1] nscf_Na_s3_c6.9: JOB DONE 04:18:48
[gpu1] nscf_Na_s3_c6.9: dos.x done
[gpu2] nscf_Na_s3_c8.4: JOB DONE 04:19:21
[gpu2] nscf_Na_s3_c8.4: dos.x done
[gpu3] nscf_Na_s3_c9.9: JOB DONE 04:19:40
[gpu3] nscf_Na_s3_c9.9: dos.x done
== all phases finished ==
Summary:
  76 done, 0 incomplete
BADER OK
ALL COMPLETE (scf+nscf+dos+bader+setd)
