downloading Henkelman bader binary...
  % Total    % Received % Xferd  Average Speed   Time    Time     Time  Current
                                 Dload  Upload   Total   Spent    Left  Speed
  0     0    0     0    0     0      0      0 --:--:-- --:--:-- --:--:--     0100 1153k  100 1153k    0     0  2367k      0 --:--:-- --:--:-- --:--:-- 2369k
tar: bader: Wrote only 2560 of 10240 bytes
tar: Exiting with failure status due to previous errors
Li_1x1_c5.5_d0.00: pp.x + bader
bader_setup.sh: line 28: jobs/Li_1x1_c5.5_d0.00//pp_val.in: No space left on device
bader_setup.sh: line 28: jobs/Li_1x1_c5.5_d0.00//pp_all.in: No space left on device
bader_setup.sh: line 53: pp_val.out: No space left on device
Li_1x1_c5.5_d0.00: FAILED (see jobs/Li_1x1_c5.5_d0.00//pp_*.out, jobs/Li_1x1_c5.5_d0.00//bader.out)
Li_1x1_c5.5_d0.15: pp.x + bader
bader_setup.sh: line 28: jobs/Li_1x1_c5.5_d0.15//pp_val.in: No space left on device
bader_setup.sh: line 28: jobs/Li_1x1_c5.5_d0.15//pp_all.in: No space left on device
bader_setup.sh: line 53: pp_val.out: No space left on device
Li_1x1_c5.5_d0.15: FAILED (see jobs/Li_1x1_c5.5_d0.15//pp_*.out, jobs/Li_1x1_c5.5_d0.15//bader.out)
Li_1x1_c5.5_d0.30: pp.x + bader
bader_setup.sh: line 28: jobs/Li_1x1_c5.5_d0.30//pp_val.in: No space left on device
bader_setup.sh: line 28: jobs/Li_1x1_c5.5_d0.30//pp_all.in: No space left on device
bader_setup.sh: line 53: pp_val.out: No space left on device
Li_1x1_c5.5_d0.30: FAILED (see jobs/Li_1x1_c5.5_d0.30//pp_*.out, jobs/Li_1x1_c5.5_d0.30//bader.out)
Li_1x1_c5.5_d0.50: pp.x + bader
bader_setup.sh: line 28: jobs/Li_1x1_c5.5_d0.50//pp_val.in: No space left on device
bader_setup.sh: line 28: jobs/Li_1x1_c5.5_d0.50//pp_all.in: No space left on device
bader_setup.sh: line 53: pp_val.out: No space left on device
Li_1x1_c5.5_d0.50: FAILED (see jobs/Li_1x1_c5.5_d0.50//pp_*.out, jobs/Li_1x1_c5.5_d0.50//bader.out)
Li_1x1_c5.5_d0.75: pp.x + bader
bader_setup.sh: line 28: jobs/Li_1x1_c5.5_d0.75//pp_val.in: No space left on device
bader_setup.sh: line 28: jobs/Li_1x1_c5.5_d0.75//pp_all.in: No space left on device
bader_setup.sh: line 53: pp_val.out: No space left on device
Li_1x1_c5.5_d0.75: FAILED (see jobs/Li_1x1_c5.5_d0.75//pp_*.out, jobs/Li_1x1_c5.5_d0.75//bader.out)
Li_1x1_c5.5_d1.00: pp.x + bader
bader_setup.sh: line 28: jobs/Li_1x1_c5.5_d1.00//pp_val.in: No space left on device
bader_setup.sh: line 28: jobs/Li_1x1_c5.5_d1.00//pp_all.in: No space left on device
bader_setup.sh: line 53: pp_val.out: No space left on device
Li_1x1_c5.5_d1.00: FAILED (see jobs/Li_1x1_c5.5_d1.00//pp_*.out, jobs/Li_1x1_c5.5_d1.00//bader.out)
Li_1x1_c6.9_d0.00: pp.x + bader
bader_setup.sh: line 28: jobs/Li_1x1_c6.9_d0.00//pp_val.in: No space left on device
bader_setup.sh: line 28: jobs/Li_1x1_c6.9_d0.00//pp_all.in: No space left on device
bader_setup.sh: line 53: pp_val.out: No space left on device
Li_1x1_c6.9_d0.00: FAILED (see jobs/Li_1x1_c6.9_d0.00//pp_*.out, jobs/Li_1x1_c6.9_d0.00//bader.out)
Li_1x1_c6.9_d0.15: pp.x + bader
bader_setup.sh: line 28: jobs/Li_1x1_c6.9_d0.15//pp_val.in: No space left on device
bader_setup.sh: line 28: jobs/Li_1x1_c6.9_d0.15//pp_all.in: No space left on device
bader_setup.sh: line 53: pp_val.out: No space left on device
Li_1x1_c6.9_d0.15: FAILED (see jobs/Li_1x1_c6.9_d0.15//pp_*.out, jobs/Li_1x1_c6.9_d0.15//bader.out)
Li_1x1_c6.9_d0.30: pp.x + bader
bader_setup.sh: line 28: jobs/Li_1x1_c6.9_d0.30//pp_val.in: No space left on device
bader_setup.sh: line 28: jobs/Li_1x1_c6.9_d0.30//pp_all.in: No space left on device
bader_setup.sh: line 53: pp_val.out: No space left on device
Li_1x1_c6.9_d0.30: FAILED (see jobs/Li_1x1_c6.9_d0.30//pp_*.out, jobs/Li_1x1_c6.9_d0.30//bader.out)
Li_1x1_c6.9_d0.50: pp.x + bader
bader_setup.sh: line 28: jobs/Li_1x1_c6.9_d0.50//pp_val.in: No space left on device
bader_setup.sh: line 28: jobs/Li_1x1_c6.9_d0.50//pp_all.in: No space left on device
bader_setup.sh: line 53: pp_val.out: No space left on device
Li_1x1_c6.9_d0.50: FAILED (see jobs/Li_1x1_c6.9_d0.50//pp_*.out, jobs/Li_1x1_c6.9_d0.50//bader.out)
Li_1x1_c6.9_d0.75: pp.x + bader
