== 4 GPU(s) detected ==
downloading Co.pbe-spn-kjpaw_psl.0.3.1.UPF
  % Total    % Received % Xferd  Average Speed   Time    Time     Time  Current
                                 Dload  Upload   Total   Spent    Left  Speed
  0     0    0     0    0     0      0      0 --:--:-- --:--:-- --:--:--     0  0     0    0     0    0     0      0      0 --:--:-- --:--:-- --:--:--     0100 1778k  100 1778k    0     0  1474k      0  0:00:01  0:00:01 --:--:-- 1475k
downloading O.pbe-n-kjpaw_psl.1.0.0.UPF
  % Total    % Received % Xferd  Average Speed   Time    Time     Time  Current
                                 Dload  Upload   Total   Spent    Left  Speed
  0     0    0     0    0     0      0      0 --:--:-- --:--:-- --:--:--     0  0     0    0     0    0     0      0      0 --:--:-- --:--:-- --:--:--     0100  854k  100  854k    0     0   815k      0  0:00:01  0:00:01 --:--:--  816k
downloading Na.pbe-spn-kjpaw_psl.1.0.0.UPF
  % Total    % Received % Xferd  Average Speed   Time    Time     Time  Current
                                 Dload  Upload   Total   Spent    Left  Speed
  0     0    0     0    0     0      0      0 --:--:-- --:--:-- --:--:--     0  0     0    0     0    0     0      0      0 --:--:-- --:--:-- --:--:--     0100  905k  100  905k    0     0   897k      0  0:00:01  0:00:01 --:--:--  898k
downloading Li.pbe-s-kjpaw_psl.1.0.0.UPF
  % Total    % Received % Xferd  Average Speed   Time    Time     Time  Current
                                 Dload  Upload   Total   Spent    Left  Speed
  0     0    0     0    0     0      0      0 --:--:-- --:--:-- --:--:--     0100  769k  100  769k    0     0   803k      0 --:--:-- --:--:-- --:--:--  804k
pseudopotentials ready in ./pseudo
wrote 64 SCF jobs + manifest.json
== Phase 1: SCF jobs ==
[gpu1] Na_1x1_c5.5_d0.00: start 03:15:37
[gpu0] Na_1x1_c5.5_d0.15: start 03:15:37
[gpu2] Na_1x1_c5.5_d0.30: start 03:15:37
[gpu3] Na_1x1_c5.5_d0.50: start 03:15:37
[gpu3] Na_1x1_c5.5_d0.50: JOB DONE 03:16:10
[gpu3] Na_1x1_c5.5_d0.75: start 03:16:10
[gpu0] Na_1x1_c5.5_d0.15: JOB DONE 03:16:10
[gpu0] Na_1x1_c5.5_d1.00: start 03:16:10
[gpu2] Na_1x1_c5.5_d0.30: JOB DONE 03:16:11
[gpu2] Na_1x1_c6.9_d0.00: start 03:16:11
[gpu1] Na_1x1_c5.5_d0.00: JOB DONE 03:16:12
[gpu1] Na_1x1_c6.9_d0.15: start 03:16:12
[gpu3] Na_1x1_c5.5_d0.75: JOB DONE 03:16:38
[gpu3] Na_1x1_c6.9_d0.30: start 03:16:38
[gpu0] Na_1x1_c5.5_d1.00: JOB DONE 03:16:41
[gpu0] Na_1x1_c6.9_d0.50: start 03:16:41
[gpu2] Na_1x1_c6.9_d0.00: JOB DONE 03:16:43
[gpu2] Na_1x1_c6.9_d0.75: start 03:16:43
[gpu1] Na_1x1_c6.9_d0.15: JOB DONE 03:16:43
[gpu1] Na_1x1_c6.9_d1.00: start 03:16:43
[gpu3] Na_1x1_c6.9_d0.30: JOB DONE 03:17:10
[gpu3] Na_1x1_c8.4_d0.00: start 03:17:10
[gpu2] Na_1x1_c6.9_d0.75: JOB DONE 03:17:15
[gpu2] Na_1x1_c8.4_d0.15: start 03:17:15
[gpu0] Na_1x1_c6.9_d0.50: JOB DONE 03:17:15
[gpu0] Na_1x1_c8.4_d0.30: start 03:17:15
[gpu1] Na_1x1_c6.9_d1.00: JOB DONE 03:17:17
[gpu1] Na_1x1_c8.4_d0.50: start 03:17:17
[gpu3] Na_1x1_c8.4_d0.00: JOB DONE 03:17:43
[gpu3] Na_1x1_c8.4_d0.75: start 03:17:43
[gpu0] Na_1x1_c8.4_d0.30: JOB DONE 03:17:48
[gpu0] Na_1x1_c8.4_d1.00: start 03:17:48
[gpu2] Na_1x1_c8.4_d0.15: JOB DONE 03:17:49
[gpu2] Na_1x1_c9.9_d0.00: start 03:17:49
[gpu1] Na_1x1_c8.4_d0.50: JOB DONE 03:17:50
[gpu1] Na_1x1_c9.9_d0.15: start 03:17:50
[gpu3] Na_1x1_c8.4_d0.75: JOB DONE 03:18:17
[gpu3] Na_1x1_c9.9_d0.30: start 03:18:17
[gpu0] Na_1x1_c8.4_d1.00: JOB DONE 03:18:22
[gpu0] Na_1x1_c9.9_d0.50: start 03:18:22
[gpu2] Na_1x1_c9.9_d0.00: JOB DONE 03:18:25
[gpu2] Na_1x1_c9.9_d0.75: start 03:18:25
[gpu1] Na_1x1_c9.9_d0.15: JOB DONE 03:18:26
[gpu1] Na_1x1_c9.9_d1.00: start 03:18:26
[gpu3] Na_1x1_c9.9_d0.30: JOB DONE 03:18:53
[gpu3] Li_1x1_c5.5_d0.00: start 03:18:53
[gpu0] Na_1x1_c9.9_d0.50: JOB DONE 03:18:56
[gpu0] Li_1x1_c5.5_d0.15: start 03:18:56
[gpu2] Na_1x1_c9.9_d0.75: JOB DONE 03:19:00
[gpu2] Li_1x1_c5.5_d0.30: start 03:19:00
[gpu1] Na_1x1_c9.9_d1.00: JOB DONE 03:19:02
[gpu1] Li_1x1_c5.5_d0.50: start 03:19:02
[gpu3] Li_1x1_c5.5_d0.00: JOB DONE 03:19:24
[gpu3] Li_1x1_c5.5_d0.75: start 03:19:24
[gpu0] Li_1x1_c5.5_d0.15: JOB DONE 03:19:25
[gpu0] Li_1x1_c5.5_d1.00: start 03:19:25
[gpu2] Li_1x1_c5.5_d0.30: JOB DONE 03:19:28
[gpu2] Li_1x1_c6.9_d0.00: start 03:19:28
[gpu1] Li_1x1_c5.5_d0.50: JOB DONE 03:19:29
[gpu1] Li_1x1_c6.9_d0.15: start 03:19:29
[gpu3] Li_1x1_c5.5_d0.75: JOB DONE 03:19:52
[gpu3] Li_1x1_c6.9_d0.30: start 03:19:52
[gpu0] Li_1x1_c5.5_d1.00: JOB DONE 03:19:57
[gpu0] Li_1x1_c6.9_d0.50: start 03:19:57
[gpu2] Li_1x1_c6.9_d0.00: JOB DONE 03:19:58
[gpu2] Li_1x1_c6.9_d0.75: start 03:19:58
[gpu1] Li_1x1_c6.9_d0.15: JOB DONE 03:19:59
[gpu1] Li_1x1_c6.9_d1.00: start 03:19:59
[gpu3] Li_1x1_c6.9_d0.30: JOB DONE 03:20:19
[gpu3] Li_1x1_c8.4_d0.00: start 03:20:19
[gpu2] Li_1x1_c6.9_d0.75: JOB DONE 03:20:29
[gpu2] Li_1x1_c8.4_d0.15: start 03:20:29
[gpu1] Li_1x1_c6.9_d1.00: JOB DONE 03:20:30
[gpu1] Li_1x1_c8.4_d0.30: start 03:20:30
[gpu0] Li_1x1_c6.9_d0.50: JOB DONE 03:20:32
[gpu0] Li_1x1_c8.4_d0.50: start 03:20:32
[gpu3] Li_1x1_c8.4_d0.00: JOB DONE 03:20:48
[gpu3] Li_1x1_c8.4_d0.75: start 03:20:48
[gpu2] Li_1x1_c8.4_d0.15: JOB DONE 03:20:57
[gpu2] Li_1x1_c8.4_d1.00: start 03:20:57
[gpu1] Li_1x1_c8.4_d0.30: JOB DONE 03:20:58
[gpu1] Li_1x1_c9.9_d0.00: start 03:20:58
[gpu0] Li_1x1_c8.4_d0.50: JOB DONE 03:21:02
[gpu0] Li_1x1_c9.9_d0.15: start 03:21:02
[gpu3] Li_1x1_c8.4_d0.75: JOB DONE 03:21:18
[gpu3] Li_1x1_c9.9_d0.30: start 03:21:18
[gpu2] Li_1x1_c8.4_d1.00: JOB DONE 03:21:28
[gpu2] Li_1x1_c9.9_d0.50: start 03:21:28
[gpu1] Li_1x1_c9.9_d0.00: JOB DONE 03:21:37
[gpu1] Li_1x1_c9.9_d0.75: start 03:21:37
[gpu0] Li_1x1_c9.9_d0.15: JOB DONE 03:21:43
[gpu0] Li_1x1_c9.9_d1.00: start 03:21:43
[gpu3] Li_1x1_c9.9_d0.30: JOB DONE 03:21:56
[gpu3] Na_s3_c5.5_d0.00: start 03:21:56
[gpu2] Li_1x1_c9.9_d0.50: JOB DONE 03:22:06
[gpu2] Na_s3_c5.5_d0.25: start 03:22:06
[gpu1] Li_1x1_c9.9_d0.75: JOB DONE 03:22:09
[gpu1] Na_s3_c5.5_d0.50: start 03:22:09
[gpu0] Li_1x1_c9.9_d1.00: JOB DONE 03:22:11
[gpu0] Na_s3_c5.5_d0.75: start 03:22:11
[gpu3] Na_s3_c5.5_d0.00: JOB DONE 03:22:58
[gpu3] Na_s3_c6.9_d0.00: start 03:22:58
[gpu2] Na_s3_c5.5_d0.25: JOB DONE 03:23:06
[gpu2] Na_s3_c6.9_d0.25: start 03:23:06
[gpu1] Na_s3_c5.5_d0.50: JOB DONE 03:23:14
[gpu1] Na_s3_c6.9_d0.50: start 03:23:14
[gpu0] Na_s3_c5.5_d0.75: JOB DONE 03:23:16
[gpu0] Na_s3_c6.9_d0.75: start 03:23:16
[gpu3] Na_s3_c6.9_d0.00: JOB DONE 03:24:08
[gpu3] Na_s3_c8.4_d0.00: start 03:24:08
[gpu2] Na_s3_c6.9_d0.25: JOB DONE 03:24:17
[gpu2] Na_s3_c8.4_d0.25: start 03:24:17
[gpu1] Na_s3_c6.9_d0.50: JOB DONE 03:24:24
[gpu1] Na_s3_c8.4_d0.50: start 03:24:24
[gpu0] Na_s3_c6.9_d0.75: JOB DONE 03:24:26
[gpu0] Na_s3_c8.4_d0.75: start 03:24:26
[gpu3] Na_s3_c8.4_d0.00: JOB DONE 03:25:20
[gpu3] Na_s3_c9.9_d0.00: start 03:25:20
[gpu2] Na_s3_c8.4_d0.25: JOB DONE 03:25:38
[gpu2] Na_s3_c9.9_d0.25: start 03:25:38
[gpu1] Na_s3_c8.4_d0.50: JOB DONE 03:25:42
[gpu1] Na_s3_c9.9_d0.50: start 03:25:42
[gpu0] Na_s3_c8.4_d0.75: JOB DONE 03:25:45
[gpu0] Na_s3_c9.9_d0.75: start 03:25:45
[gpu3] Na_s3_c9.9_d0.00: JOB DONE 03:26:43
[gpu2] Na_s3_c9.9_d0.25: JOB DONE 03:27:03
[gpu0] Na_s3_c9.9_d0.75: JOB DONE 03:27:04
[gpu1] Na_s3_c9.9_d0.50: JOB DONE 03:27:08
== Phase 2: generating NSCF inputs at E(delta) minima ==
== compiling QE 7.3.1 PP tools (CPU) ==
nscf job nscf_Li_1x1_c5.5: parent Li_1x1_c5.5_d0.15 (delta_min = 0.15 A, E = -475.179649 Ry)
nscf job nscf_Li_1x1_c6.9: parent Li_1x1_c6.9_d1.00 (delta_min = 1.00 A, E = -475.104478 Ry)
nscf job nscf_Li_1x1_c8.4: parent Li_1x1_c8.4_d1.00 (delta_min = 1.00 A, E = -475.027135 Ry)
nscf job nscf_Li_1x1_c9.9: parent Li_1x1_c9.9_d1.00 (delta_min = 1.00 A, E = -474.988078 Ry)
nscf job nscf_Na_1x1_c5.5: parent Na_1x1_c5.5_d0.00 (delta_min = 0.00 A, E = -569.365945 Ry)
nscf job nscf_Na_1x1_c6.9: parent Na_1x1_c6.9_d0.75 (delta_min = 0.75 A, E = -569.279426 Ry)
nscf job nscf_Na_1x1_c8.4: parent Na_1x1_c8.4_d1.00 (delta_min = 1.00 A, E = -569.233655 Ry)
nscf job nscf_Na_1x1_c9.9: parent Na_1x1_c9.9_d1.00 (delta_min = 1.00 A, E = -569.192040 Ry)
nscf job nscf_Na_s3_c5.5: parent Na_s3_c5.5_d0.00 (delta_min = 0.00 A, E = -1489.356133 Ry)
nscf job nscf_Na_s3_c6.9: parent Na_s3_c6.9_d0.50 (delta_min = 0.50 A, E = -1489.321716 Ry)
nscf job nscf_Na_s3_c8.4: parent Na_s3_c8.4_d0.75 (delta_min = 0.75 A, E = -1489.244485 Ry)
nscf job nscf_Na_s3_c9.9: parent Na_s3_c9.9_d0.75 (delta_min = 0.75 A, E = -1489.155364 Ry)
wrote 12 NSCF jobs, manifest updated
== Phase 3: NSCF + DOS jobs ==
[gpu0] nscf_Li_1x1_c5.5: start 03:28:24
[gpu1] nscf_Li_1x1_c6.9: start 03:28:24
[gpu2] nscf_Li_1x1_c8.4: start 03:28:24
[gpu3] nscf_Li_1x1_c9.9: start 03:28:24
[gpu0] nscf_Li_1x1_c5.5: JOB DONE 03:30:49
[gpu0] nscf_Li_1x1_c5.5: dos.x done
[gpu0] nscf_Na_1x1_c5.5: start 03:30:54
[gpu1] nscf_Li_1x1_c6.9: JOB DONE 03:31:19
[gpu1] nscf_Li_1x1_c6.9: dos.x done
[gpu1] nscf_Na_1x1_c6.9: start 03:31:24
[gpu2] nscf_Li_1x1_c8.4: JOB DONE 03:31:31
[gpu3] nscf_Li_1x1_c9.9: JOB DONE 03:31:35
[gpu2] nscf_Li_1x1_c8.4: dos.x done
[gpu2] nscf_Na_1x1_c8.4: start 03:31:37
[gpu3] nscf_Li_1x1_c9.9: dos.x done
[gpu3] nscf_Na_1x1_c9.9: start 03:31:40
[gpu0] nscf_Na_1x1_c5.5: JOB DONE 03:33:53
[gpu0] nscf_Na_1x1_c5.5: dos.x done
[gpu0] nscf_Na_s3_c5.5: start 03:33:58
[gpu1] nscf_Na_1x1_c6.9: JOB DONE 03:34:34
[gpu1] nscf_Na_1x1_c6.9: dos.x done
[gpu1] nscf_Na_s3_c6.9: start 03:34:40
[gpu2] nscf_Na_1x1_c8.4: JOB DONE 03:34:49
[gpu2] nscf_Na_1x1_c8.4: dos.x done
[gpu2] nscf_Na_s3_c8.4: start 03:34:54
[gpu3] nscf_Na_1x1_c9.9: JOB DONE 03:35:12
[gpu3] nscf_Na_1x1_c9.9: dos.x done
[gpu3] nscf_Na_s3_c9.9: start 03:35:18
[gpu1] nscf_Na_s3_c6.9: FAILED (see jobs/nscf_Na_s3_c6.9/pw.out)
[gpu2] nscf_Na_s3_c8.4: FAILED (see jobs/nscf_Na_s3_c8.4/pw.out)
[gpu0] nscf_Na_s3_c5.5: FAILED (see jobs/nscf_Na_s3_c5.5/pw.out)
[gpu3] nscf_Na_s3_c9.9: FAILED (see jobs/nscf_Na_s3_c9.9/pw.out)
== all phases finished ==
Summary:
  incomplete: jobs/nscf_Na_s3_c5.5/
  incomplete: jobs/nscf_Na_s3_c6.9/
  incomplete: jobs/nscf_Na_s3_c8.4/
  incomplete: jobs/nscf_Na_s3_c9.9/
  72 done, 4 incomplete
run_all.sh: line 112: setd.log: No space left on device
ALL COMPLETE (scf+nscf+dos+bader+setd)
