== 4 GPU(s) detected ==
== Phase 1: SCF jobs ==
[gpu0] Na_1x1_c5.5_d0.00: start 02:13:03
[gpu1] Na_1x1_c5.5_d0.15: start 02:13:03
[gpu2] Na_1x1_c5.5_d0.30: start 02:13:03
[gpu3] Na_1x1_c5.5_d0.50: start 02:13:03
[gpu1] Na_1x1_c5.5_d0.15: JOB DONE 02:13:49
[gpu1] Na_1x1_c5.5_d0.75: start 02:13:49
[gpu0] Na_1x1_c5.5_d0.00: JOB DONE 02:14:05
[gpu0] Na_1x1_c5.5_d1.00: start 02:14:05
[gpu2] Na_1x1_c5.5_d0.30: JOB DONE 02:14:09
[gpu2] Na_1x1_c6.9_d0.00: start 02:14:09
[gpu3] Na_1x1_c5.5_d0.50: JOB DONE 02:14:24
[gpu3] Na_1x1_c6.9_d0.15: start 02:14:24
[gpu1] Na_1x1_c5.5_d0.75: JOB DONE 02:14:30
[gpu1] Na_1x1_c6.9_d0.30: start 02:14:30
[gpu0] Na_1x1_c5.5_d1.00: JOB DONE 02:14:38
[gpu0] Na_1x1_c6.9_d0.50: start 02:14:38
[gpu2] Na_1x1_c6.9_d0.00: JOB DONE 02:14:50
[gpu2] Na_1x1_c6.9_d0.75: start 02:14:50
[gpu3] Na_1x1_c6.9_d0.15: JOB DONE 02:15:04
[gpu3] Na_1x1_c6.9_d1.00: start 02:15:04
[gpu1] Na_1x1_c6.9_d0.30: JOB DONE 02:15:08
[gpu1] Na_1x1_c8.4_d0.00: start 02:15:08
[gpu0] Na_1x1_c6.9_d0.50: JOB DONE 02:15:25
[gpu0] Na_1x1_c8.4_d0.15: start 02:15:25
[gpu2] Na_1x1_c6.9_d0.75: JOB DONE 02:15:39
[gpu2] Na_1x1_c8.4_d0.30: start 02:15:39
[gpu1] Na_1x1_c8.4_d0.00: JOB DONE 02:15:51
[gpu1] Na_1x1_c8.4_d0.50: start 02:15:51
[gpu3] Na_1x1_c6.9_d1.00: JOB DONE 02:15:55
[gpu3] Na_1x1_c8.4_d0.75: start 02:15:55
[gpu0] Na_1x1_c8.4_d0.15: JOB DONE 02:16:03
[gpu0] Na_1x1_c8.4_d1.00: start 02:16:03
[gpu2] Na_1x1_c8.4_d0.30: JOB DONE 02:16:17
[gpu2] Na_1x1_c9.9_d0.00: start 02:16:17
[gpu1] Na_1x1_c8.4_d0.50: JOB DONE 02:16:29
[gpu1] Na_1x1_c9.9_d0.15: start 02:16:29
[gpu3] Na_1x1_c8.4_d0.75: JOB DONE 02:16:31
[gpu3] Na_1x1_c9.9_d0.30: start 02:16:31
[gpu0] Na_1x1_c8.4_d1.00: JOB DONE 02:16:43
[gpu0] Na_1x1_c9.9_d0.50: start 02:16:43
[gpu2] Na_1x1_c9.9_d0.00: JOB DONE 02:17:01
[gpu2] Na_1x1_c9.9_d0.75: start 02:17:01
[gpu3] Na_1x1_c9.9_d0.30: JOB DONE 02:17:14
[gpu3] Na_1x1_c9.9_d1.00: start 02:17:14
[gpu1] Na_1x1_c9.9_d0.15: JOB DONE 02:17:17
[gpu1] Li_1x1_c5.5_d0.00: start 02:17:17
[gpu0] Na_1x1_c9.9_d0.50: JOB DONE 02:17:25
[gpu0] Li_1x1_c5.5_d0.15: start 02:17:25
[gpu2] Na_1x1_c9.9_d0.75: JOB DONE 02:17:41
[gpu2] Li_1x1_c5.5_d0.30: start 02:17:41
[gpu3] Na_1x1_c9.9_d1.00: JOB DONE 02:17:55
[gpu3] Li_1x1_c5.5_d0.50: start 02:17:55
[gpu1] Li_1x1_c5.5_d0.00: JOB DONE 02:17:57
[gpu1] Li_1x1_c5.5_d0.75: start 02:17:57
[gpu0] Li_1x1_c5.5_d0.15: JOB DONE 02:18:07
[gpu0] Li_1x1_c5.5_d1.00: start 02:18:07
[gpu2] Li_1x1_c5.5_d0.30: JOB DONE 02:18:21
[gpu2] Li_1x1_c6.9_d0.00: start 02:18:21
[gpu1] Li_1x1_c5.5_d0.75: JOB DONE 02:18:36
[gpu1] Li_1x1_c6.9_d0.15: start 02:18:36
[gpu3] Li_1x1_c5.5_d0.50: JOB DONE 02:18:37
[gpu3] Li_1x1_c6.9_d0.30: start 02:18:37
[gpu0] Li_1x1_c5.5_d1.00: JOB DONE 02:18:41
[gpu0] Li_1x1_c6.9_d0.50: start 02:18:41
[gpu2] Li_1x1_c6.9_d0.00: JOB DONE 02:19:02
[gpu2] Li_1x1_c6.9_d0.75: start 02:19:02
[gpu1] Li_1x1_c6.9_d0.15: JOB DONE 02:19:14
[gpu1] Li_1x1_c6.9_d1.00: start 02:19:14
[gpu3] Li_1x1_c6.9_d0.30: JOB DONE 02:19:16
[gpu3] Li_1x1_c8.4_d0.00: start 02:19:16
[gpu0] Li_1x1_c6.9_d0.50: JOB DONE 02:19:21
[gpu0] Li_1x1_c8.4_d0.15: start 02:19:21
[gpu2] Li_1x1_c6.9_d0.75: JOB DONE 02:19:42
[gpu2] Li_1x1_c8.4_d0.30: start 02:19:42
[gpu3] Li_1x1_c8.4_d0.00: JOB DONE 02:19:53
[gpu3] Li_1x1_c8.4_d0.50: start 02:19:53
[gpu1] Li_1x1_c6.9_d1.00: JOB DONE 02:19:53
[gpu1] Li_1x1_c8.4_d0.75: start 02:19:53
[gpu0] Li_1x1_c8.4_d0.15: JOB DONE 02:20:08
[gpu0] Li_1x1_c8.4_d1.00: start 02:20:08
[gpu2] Li_1x1_c8.4_d0.30: JOB DONE 02:20:17
[gpu2] Li_1x1_c9.9_d0.00: start 02:20:17
[gpu3] Li_1x1_c8.4_d0.50: JOB DONE 02:20:27
[gpu3] Li_1x1_c9.9_d0.15: start 02:20:27
[gpu1] Li_1x1_c8.4_d0.75: JOB DONE 02:20:29
[gpu1] Li_1x1_c9.9_d0.30: start 02:20:29
[gpu0] Li_1x1_c8.4_d1.00: JOB DONE 02:20:42
[gpu0] Li_1x1_c9.9_d0.50: start 02:20:42
[gpu2] Li_1x1_c9.9_d0.00: JOB DONE 02:21:06
[gpu2] Li_1x1_c9.9_d0.75: start 02:21:06
[gpu3] Li_1x1_c9.9_d0.15: JOB DONE 02:21:10
[gpu3] Li_1x1_c9.9_d1.00: start 02:21:10
[gpu1] Li_1x1_c9.9_d0.30: JOB DONE 02:21:13
[gpu1] Na_s3_c5.5_d0.00: start 02:21:13
[gpu2] Li_1x1_c9.9_d0.75: JOB DONE 02:21:47
[gpu2] Na_s3_c5.5_d0.50: start 02:21:47
[gpu3] Li_1x1_c9.9_d1.00: JOB DONE 02:21:49
[gpu3] Na_s3_c6.9_d0.00: start 02:21:49
[gpu1] Na_s3_c5.5_d0.00: JOB DONE 02:22:25
[gpu1] Na_s3_c6.9_d0.50: start 02:22:25
[gpu2] Na_s3_c5.5_d0.50: JOB DONE 02:22:57
[gpu2] Na_s3_c8.4_d0.00: start 02:22:57
[gpu3] Na_s3_c6.9_d0.00: JOB DONE 02:23:12
[gpu3] Na_s3_c8.4_d0.50: start 02:23:12
[gpu1] Na_s3_c6.9_d0.50: JOB DONE 02:23:40
[gpu1] Na_s3_c9.9_d0.00: start 02:23:40
[gpu2] Na_s3_c8.4_d0.00: JOB DONE 02:24:23
[gpu2] Na_s3_c9.9_d0.50: start 02:24:23
[gpu3] Na_s3_c8.4_d0.50: JOB DONE 02:24:35
[gpu1] Na_s3_c9.9_d0.00: JOB DONE 02:25:03
[gpu2] Na_s3_c9.9_d0.50: JOB DONE 02:25:59
[gpu0] Li_1x1_c9.9_d0.50: JOB DONE 02:28:18
== Phase 2: generating NSCF inputs at E(delta) minima ==
Traceback (most recent call last):
  File "/workspace/repo/runpod/generate_inputs.py", line 18, in <module>
    import numpy as np
ModuleNotFoundError: No module named 'numpy'
== Phase 3: NSCF + DOS jobs ==
  (queue empty)
== all phases finished ==
Summary:
  56 done, 0 incomplete
Next: bash bader_setup.sh   (Bader charges), then rsync results back.
